invalid --payload-json: Extra data: line 1 column 108 (char 107)
append_state_event.py failed for live RunStarted; trying inline fallback
Traceback (most recent call last):
  File "<string>", line 3, in <module>
  File "/usr/lib/python3.12/json/__init__.py", line 346, in loads
    return _default_decoder.decode(s)
           ^^^^^^^^^^^^^^^^^^^^^^^^^^
  File "/usr/lib/python3.12/json/decoder.py", line 340, in decode
    raise JSONDecodeError("Extra data", s, end)
json.decoder.JSONDecodeError: Extra data: line 1 column 108 (char 107)
inline fallback failed for live RunStarted
invalid --payload-json: Extra data: line 1 column 108 (char 107)
append_state_event.py failed for session RunStarted; trying inline fallback
Traceback (most recent call last):
  File "<string>", line 3, in <module>
  File "/usr/lib/python3.12/json/__init__.py", line 346, in loads
    return _default_decoder.decode(s)
           ^^^^^^^^^^^^^^^^^^^^^^^^^^
  File "/usr/lib/python3.12/json/decoder.py", line 340, in decode
    raise JSONDecodeError("Extra data", s, end)
json.decoder.JSONDecodeError: Extra data: line 1 column 108 (char 107)
inline fallback failed for session RunStarted
invalid --payload-json: Extra data: line 1 column 225 (char 224)
append_state_event.py failed for live DecisionRecorded; trying inline fallback
Traceback (most recent call last):
  File "<string>", line 3, in <module>
  File "/usr/lib/python3.12/json/__init__.py", line 346, in loads
    return _default_decoder.decode(s)
           ^^^^^^^^^^^^^^^^^^^^^^^^^^
  File "/usr/lib/python3.12/json/decoder.py", line 340, in decode
    raise JSONDecodeError("Extra data", s, end)
json.decoder.JSONDecodeError: Extra data: line 1 column 225 (char 224)
inline fallback failed for live DecisionRecorded
invalid --payload-json: Extra data: line 1 column 225 (char 224)
append_state_event.py failed for session DecisionRecorded; trying inline fallback
Traceback (most recent call last):
  File "<string>", line 3, in <module>
  File "/usr/lib/python3.12/json/__init__.py", line 346, in loads
    return _default_decoder.decode(s)
           ^^^^^^^^^^^^^^^^^^^^^^^^^^
  File "/usr/lib/python3.12/json/decoder.py", line 340, in decode
    raise JSONDecodeError("Extra data", s, end)
json.decoder.JSONDecodeError: Extra data: line 1 column 225 (char 224)
inline fallback failed for session DecisionRecorded
invalid --payload-json: Extra data: line 1 column 448 (char 447)
append_state_event.py failed for live RunStarted; trying inline fallback
Traceback (most recent call last):
  File "<string>", line 3, in <module>
  File "/usr/lib/python3.12/json/__init__.py", line 346, in loads
    return _default_decoder.decode(s)
           ^^^^^^^^^^^^^^^^^^^^^^^^^^
  File "/usr/lib/python3.12/json/decoder.py", line 340, in decode
    raise JSONDecodeError("Extra data", s, end)
json.decoder.JSONDecodeError: Extra data: line 1 column 448 (char 447)
inline fallback failed for live RunStarted
invalid --payload-json: Extra data: line 1 column 448 (char 447)
append_state_event.py failed for session RunStarted; trying inline fallback
Traceback (most recent call last):
  File "<string>", line 3, in <module>
  File "/usr/lib/python3.12/json/__init__.py", line 346, in loads
    return _default_decoder.decode(s)
           ^^^^^^^^^^^^^^^^^^^^^^^^^^
  File "/usr/lib/python3.12/json/decoder.py", line 340, in decode
    raise JSONDecodeError("Extra data", s, end)
json.decoder.JSONDecodeError: Extra data: line 1 column 448 (char 447)
inline fallback failed for session RunStarted
invalid --payload-json: Extra data: line 1 column 1014 (char 1013)
append_state_event.py failed for live RunCompleted; trying inline fallback
Traceback (most recent call last):
  File "<string>", line 3, in <module>
  File "/usr/lib/python3.12/json/__init__.py", line 346, in loads
    return _default_decoder.decode(s)
           ^^^^^^^^^^^^^^^^^^^^^^^^^^
  File "/usr/lib/python3.12/json/decoder.py", line 340, in decode
    raise JSONDecodeError("Extra data", s, end)
json.decoder.JSONDecodeError: Extra data: line 1 column 1014 (char 1013)
inline fallback failed for live RunCompleted
invalid --payload-json: Extra data: line 1 column 1014 (char 1013)
append_state_event.py failed for session RunCompleted; trying inline fallback
Traceback (most recent call last):
  File "<string>", line 3, in <module>
  File "/usr/lib/python3.12/json/__init__.py", line 346, in loads
    return _default_decoder.decode(s)
           ^^^^^^^^^^^^^^^^^^^^^^^^^^
  File "/usr/lib/python3.12/json/decoder.py", line 340, in decode
    raise JSONDecodeError("Extra data", s, end)
json.decoder.JSONDecodeError: Extra data: line 1 column 1014 (char 1013)
inline fallback failed for session RunCompleted
invalid --payload-json: Extra data: line 1 column 226 (char 225)
append_state_event.py failed for live TaskLineageLinked; trying inline fallback
Traceback (most recent call last):
  File "<string>", line 3, in <module>
  File "/usr/lib/python3.12/json/__init__.py", line 346, in loads
    return _default_decoder.decode(s)
           ^^^^^^^^^^^^^^^^^^^^^^^^^^
  File "/usr/lib/python3.12/json/decoder.py", line 340, in decode
    raise JSONDecodeError("Extra data", s, end)
json.decoder.JSONDecodeError: Extra data: line 1 column 226 (char 225)
inline fallback failed for live TaskLineageLinked
invalid --payload-json: Extra data: line 1 column 226 (char 225)
append_state_event.py failed for session TaskLineageLinked; trying inline fallback
Traceback (most recent call last):
  File "<string>", line 3, in <module>
  File "/usr/lib/python3.12/json/__init__.py", line 346, in loads
    return _default_decoder.decode(s)
           ^^^^^^^^^^^^^^^^^^^^^^^^^^
  File "/usr/lib/python3.12/json/decoder.py", line 340, in decode
    raise JSONDecodeError("Extra data", s, end)
json.decoder.JSONDecodeError: Extra data: line 1 column 226 (char 225)
inline fallback failed for session TaskLineageLinked
invalid --payload-json: Extra data: line 1 column 129 (char 128)
append_state_event.py failed for live RunCompleted; trying inline fallback
Traceback (most recent call last):
  File "<string>", line 3, in <module>
  File "/usr/lib/python3.12/json/__init__.py", line 346, in loads
    return _default_decoder.decode(s)
           ^^^^^^^^^^^^^^^^^^^^^^^^^^
  File "/usr/lib/python3.12/json/decoder.py", line 340, in decode
    raise JSONDecodeError("Extra data", s, end)
json.decoder.JSONDecodeError: Extra data: line 1 column 129 (char 128)
inline fallback failed for live RunCompleted
invalid --payload-json: Extra data: line 1 column 129 (char 128)
append_state_event.py failed for session RunCompleted; trying inline fallback
Traceback (most recent call last):
  File "<string>", line 3, in <module>
  File "/usr/lib/python3.12/json/__init__.py", line 346, in loads
    return _default_decoder.decode(s)
           ^^^^^^^^^^^^^^^^^^^^^^^^^^
  File "/usr/lib/python3.12/json/decoder.py", line 340, in decode
    raise JSONDecodeError("Extra data", s, end)
json.decoder.JSONDecodeError: Extra data: line 1 column 129 (char 128)
inline fallback failed for session RunCompleted
